{"numTotalTestSuites":6,"numPassedTestSuites":2,"numFailedTestSuites":4,"numPendingTestSuites":0,"numTotalTests":25,"numPassedTests":21,"numFailedTests":4,"numPendingTests":0,"numTodoTests":0,"snapshot":{"added":0,"failure":false,"filesAdded":0,"filesRemoved":0,"filesRemovedList":[],"filesUnmatched":0,"filesUpdated":0,"matched":0,"total":0,"unchecked":0,"uncheckedKeysByFile":[],"unmatched":0,"updated":0,"didUpdate":false},"startTime":1766947069127,"success":false,"testResults":[{"assertionResults":[{"ancestorTitles":["TournamentDetail Page"],"fullName":"TournamentDetail Page renders loading state","status":"passed","title":"renders loading state","duration":52.072200000000066,"failureMessages":[],"meta":{}},{"ancestorTitles":["TournamentDetail Page"],"fullName":"TournamentDetail Page renders details and tabs","status":"passed","title":"renders details and tabs","duration":323.93889999999965,"failureMessages":[],"meta":{}},{"ancestorTitles":["TournamentDetail Page"],"fullName":"TournamentDetail Page navigates tabs","status":"failed","title":"navigates tabs","duration":147.2831000000001,"failureMessages":["TestingLibraryElementError: Unable to find an element with the text: John Doe. This could be because the text is broken up by multiple elements. In this case, you can provide a function for your text matcher to make your matcher more flexible.\n\nIgnored nodes: comments, script, style\n\u001b[36m<body>\u001b[39m\n  \u001b[36m<div>\u001b[39m\n    \u001b[36m<div\u001b[39m\n      \u001b[33mclass\u001b[39m=\u001b[32m\"flex flex-col bg-background-dark min-h-screen pb-20\"\u001b[39m\n    \u001b[36m>\u001b[39m\n      \u001b[36m<div\u001b[39m\n        \u001b[33mclass\u001b[39m=\u001b[32m\"relative h-[300px] w-full bg-surface-dark overflow-hidden shrink-0\"\u001b[39m\n      \u001b[36m>\u001b[39m\n        \u001b[36m<div\u001b[39m\n          \u001b[33mclass\u001b[39m=\u001b[32m\"absolute inset-0 bg-cover bg-center opacity-60 mix-blend-overlay\"\u001b[39m\n          \u001b[33mstyle\u001b[39m=\u001b[32m\"background-image: url(\\\"https://lh3.googleusercontent.com/aida-public/AB6AXuArfVEx5fb164F7A5wImLDhdzfcSW6LnHlwPVwOrKjRtLggvCj1itnaz5XN7nguDVCtG-LIKOmQulidI4n8ALkhyEmAG1WYypbKjBR8KWR6SihPLdXTyQ6OVw2NM56nRlyL--H7QHfytRz4iv9oUd7UwpBJCICbEYfvaVsubL9Qu-PN1eg_0DlZqGLQWLtSp2YbjgvUmr-s78-PTfyVElfYP0csdy5hZELB8ii7cq42JsinCdWrqMiKi_dP9NWOKWtbx6ksXq8z4ZI\\\");\"\u001b[39m\n        \u001b[36m/>\u001b[39m\n        \u001b[36m<div\u001b[39m\n          \u001b[33mclass\u001b[39m=\u001b[32m\"absolute inset-0 bg-gradient-to-t from-background-dark via-transparent to-black/60\"\u001b[39m\n        \u001b[36m/>\u001b[39m\n        \u001b[36m<div\u001b[39m\n          \u001b[33mclass\u001b[39m=\u001b[32m\"absolute top-0 left-0 right-0 p-4 flex items-center justify-between z-20\"\u001b[39m\n        \u001b[36m>\u001b[39m\n          \u001b[36m<a\u001b[39m\n            \u001b[33mclass\u001b[39m=\u001b[32m\"size-10 rounded-full bg-black/20 backdrop-blur-md text-white flex items-center justify-center hover:bg-white/20 transition-all\"\u001b[39m\n            \u001b[33mdata-discover\u001b[39m=\u001b[32m\"true\"\u001b[39m\n            \u001b[33mhref\u001b[39m=\u001b[32m\"/tournaments\"\u001b[39m\n          \u001b[36m>\u001b[39m\n            \u001b[36m<span\u001b[39m\n              \u001b[33mclass\u001b[39m=\u001b[32m\"material-symbols-outlined\"\u001b[39m\n            \u001b[36m>\u001b[39m\n              \u001b[0marrow_back\u001b[0m\n            \u001b[36m</span>\u001b[39m\n          \u001b[36m</a>\u001b[39m\n          \u001b[36m<div\u001b[39m\n            \u001b[33mclass\u001b[39m=\u001b[32m\"flex gap-2\"\u001b[39m\n          \u001b[36m>\u001b[39m\n            \u001b[36m<button\u001b[39m\n              \u001b[33mclass\u001b[39m=\u001b[32m\"size-10 rounded-full bg-black/20 backdrop-blur-md text-white flex items-center justify-center hover:bg-white/20 transition-all\"\u001b[39m\n            \u001b[36m>\u001b[39m\n              \u001b[36m<span\u001b[39m\n                \u001b[33mclass\u001b[39m=\u001b[32m\"material-symbols-outlined\"\u001b[39m\n              \u001b[36m>\u001b[39m\n                \u001b[0mshare\u001b[0m\n              \u001b[36m</span>\u001b[39m\n            \u001b[36m</button>\u001b[39m\n          \u001b[36m</div>\u001b[39m\n        \u001b[36m</div>\u001b[39m\n        \u001b[36m<div\u001b[39m\n          \u001b[33mclass\u001b[39m=\u001b[32m\"absolute bottom-0 left-0 right-0 p-6 flex flex-col gap-2 z-10\"\u001b[39m\n        \u001b[36m>\u001b[39m\n          \u001b[36m<div\u001b[39m\n            \u001b[33mclass\u001b[39m=\u001b[32m\"flex items-center gap-2 mb-1\"\u001b[39m\n          \u001b[36m>\u001b[39m\n            \u001b[36m<span\u001b[39m\n              \u001b[33mclass\u001b[39m=\u001b[32m\"px-2.5 py-1 rounded bg-white/10 backdrop-blur-md text-white border border-white/10 text-[10px] font-bold uppercase tracking-wider\"\u001b[39m\n            \u001b[36m>\u001b[39m\n              \u001b[0mRound Robin + Bracket\u001b[0m\n            \u001b[36m</span>\u001b[39m\n          \u001b[36m</div>\u001b[39m\n          \u001b[36m<h1\u001b[39m\n            \u001b[33mclass\u001b[39m=\u001b[32m\"text-3xl md:text-4xl font-bold text-white leading-none shadow-black drop-shadow-lg\"\u001b[39m\n          \u001b[36m>\u001b[39m\n            \u001b[0mBOD Tournament #42\u001b[0m\n          \u001b[36m</h1>\u001b[39m\n          \u001b[36m<div\u001b[39m\n            \u001b[33mclass\u001b[39m=\u001b[32m\"flex items-center gap-4 text-white/80 text-sm font-medium mt-1\"\u001b[39m\n          \u001b[36m>\u001b[39m\n            \u001b[36m<span\u001b[39m\n              \u001b[33mclass\u001b[39m=\u001b[32m\"flex items-center gap-1.5 backdrop-blur-sm bg-black/20 px-2 py-0.5 rounded-lg\"\u001b[39m\n            \u001b[36m>\u001b[39m\n              \u001b[36m<span\u001b[39m\n                \u001b[33mclass\u001b[39m=\u001b[32m\"material-symbols-outlined text-[16px]\"\u001b[39m\n              \u001b[36m>\u001b[39m\n                \u001b[0mlocation_on\u001b[0m\n              \u001b[36m</span>\u001b[39m\n              \u001b[0m \u001b[0m\n              \u001b[0mMain Courts\u001b[0m\n            \u001b[36m</span>\u001b[39m\n            \u001b[36m<span\u001b[39m\n              \u001b[33mclass\u001b[39m=\u001b[32m\"flex items-center gap-1.5 backdrop-blur-sm bg-black/20 px-2 py-0.5 rounded-lg\"\u001b[39m\n            \u001b[36m>\u001b[39m\n              \u001b[36m<span\u001b[39m\n                \u001b[33mclass\u001b[39m=\u001b[32m\"material-symbols-outlined text-[16px]\"\u001b[39m\n              \u001b[36m>\u001b[39m\n                \u001b[0mcalendar_today\u001b[0m\n              \u001b[36m</span>\u001b[39m\n              \u001b[0m \u001b[0m\n              \u001b[0m12/1/2023\u001b[0m\n            \u001b[36m</span>\u001b[39m\n          \u001b[36m</div>\u001b[39m\n        \u001b[36m</div>\u001b[39m\n      \u001b[36m</div>\u001b[39m\n      \u001b[36m<div\u001b[39m\n        \u001b[33mclass\u001b[39m=\u001b[32m\"flex-1 -mt-6 rounded-t-3xl bg-background-dark relative z-10 overflow-hidden flex flex-col\"\u001b[39m\n      \u001b[36m>\u001b[39m\n        \u001b[36m<div\u001b[39m\n          \u001b[33mclass\u001b[39m=\u001b[32m\"grid grid-cols-2 gap-3 p-6 pb-2\"\u001b[39m\n        \u001b[36m>\u001b[39m\n          \u001b[36m<div\u001b[39m\n            \u001b[33mclass\u001b[39m=\u001b[32m\"p-4 rounded-2xl bg-[#1c2230] border border-white/5 flex flex-col items-center justify-center gap-1 shadow-lg\"\u001b[39m\n          \u001b[36m>\u001b[39m\n            \u001b[36m<span\u001b[39m\n              \u001b[33mclass\u001b[39m=\u001b[32m\"text-3xl font-bold text-white\"\u001b[39m\n            \u001b[36m>\u001b[39m\n              \u001b[0m2\u001b[0m\n            \u001b[36m</span>\u001b[39m\n            \u001b[36m<span\u001b[39m\n              \u001b[33mclass\u001b[39m=\u001b[32m\"text-[10px] text-slate-400 uppercase tracking-wider font-bold\"\u001b[39m\n            \u001b[36m>\u001b[39m\n              \u001b[0mPlayers\u001b[0m\n            \u001b[36m</span>\u001b[39m\n          \u001b[36m</div>\u001b[39m\n          \u001b[36m<div\u001b[39m\n            \u001b[33mclass\u001b[39m=\u001b[32m\"p-4 rounded-2xl bg-[#1c2230] border border-white/5 flex flex-col items-center justify-center gap-1 shadow-lg\"\u001b[39m\n          \u001b[36m>\u001b[39m\n            \u001b[36m<span\u001b[39m\n              \u001b[33mclass\u001b[39m=\u001b[32m\"text-3xl font-bold text-primary\"\u001b[39m\n            \u001b[36m>\u001b[39m\n              \u001b[0m16\u001b[0m\n            \u001b[36m</span>\u001b[39m\n            \u001b[36m<span\u001b[39m\n              \u001b[33mclass\u001b[39m=\u001b[32m\"text-[10px] text-slate-400 uppercase tracking-wider font-bold\"\u001b[39m\n            \u001b[36m>\u001b[39m\n              \u001b[0mCapacity\u001b[0m\n            \u001b[36m</span>\u001b[39m\n          \u001b[36m</div>\u001b[39m\n        \u001b[36m</div>\u001b[39m\n        \u001b[36m<div\u001b[39m\n          \u001b[33mclass\u001b[39m=\u001b[32m\"px-6 border-b border-white/5\"\u001b[39m\n        \u001b[36m>\u001b[39m\n          \u001b[36m<div\u001b[39m\n            \u001b[33mclass\u001b[39m=\u001b[32m\"flex gap-6 overflow-x-auto no-scrollbar\"\u001b[39m\n          \u001b[36m>\u001b[39m\n            \u001b[36m<button\u001b[39m\n              \u001b[33mclass\u001b[39m=\u001b[32m\"pb-4 text-sm font-bold relative shrink-0 transition-colors text-slate-500 hover:text-slate-300\"\u001b[39m\n            \u001b[36m>\u001b[39m\n              \u001b[0mOverview\u001b[0m\n            \u001b[36m</button>\u001b[39m\n            \u001b[36m<button\u001b[39m\n              \u001b[33mclass\u001b[39m=\u001b[32m\"pb-4 text-sm font-bold relative shrink-0 transition-colors text-slate-500 hover:text-slate-300\"\u001b[39m\n            \u001b[36m>\u001b[39m\n              \u001b[0mStandings\u001b[0m\n            \u001b[36m</button>\u001b[39m\n            \u001b[36m<button\u001b[39m\n              \u001b[33mclass\u001b[39m=\u001b[32m\"pb-4 text-sm font-bold relative shrink-0 transition-colors text-slate-500 hover:text-slate-300\"\u001b[39m\n            \u001b[36m>\u001b[39m\n              \u001b[0mMatches\u001b[0m\n            \u001b[36m</button>\u001b[39m\n            \u001b[36m<button\u001b[39m\n              \u001b[33mclass\u001b[39m=\u001b[32m\"pb-4 text-sm font-bold relative shrink-0 transition-colors text-primary\"\u001b[39m\n            \u001b[36m>\u001b[39m\n              \u001b[0mPlayers\u001b[0m\n              \u001b[36m<div\u001b[39m\n                \u001b[33mclass\u001b[39m=\u001b[32m\"absolute bottom-0 left-0 right-0 h-0.5 bg-primary rounded-t-full shadow-[0_-2px_10px_rgba(16,77,198,0.5)]\"\u001b[39m\n              \u001b[36m/>\u001b[39m\n            \u001b[36m</button>\u001b[39m\n            \u001b[36m<button\u001b[39m\n              \u001b[33mclass\u001b[39m=\u001b[32m\"pb-4 text-sm font-bold relative shrink-0 transition-colors text-slate-500 hover:text-slate-300\"\u001b[39m\n            \u001b[36m>\u001b[39m\n              \u001b[0mBracket\u001b[0m\n            \u001b[36m</button>\u001b[39m\n          \u001b[36m</div>\u001b[39m\n        \u001b[36m</div>\u001b[39m\n        \u001b[36m<div\u001b[39m\n          \u001b[33mclass\u001b[39m=\u001b[32m\"flex-1 p-6\"\u001b[39m\n        \u001b[36m>\u001b[39m\n          \u001b[36m<div\u001b[39m\n            \u001b[33mclass\u001b[39m=\u001b[32m\"space-y-4\"\u001b[39m\n          \u001b[36m>\u001b[39m\n            \u001b[36m<div\u001b[39m\n              \u001b[33mclass\u001b[39m=\u001b[32m\"space-y-3\"\u001b[39m\n            \u001b[36m>\u001b[39m\n              \u001b[36m<h4\u001b[39m\n                \u001b[33mclass\u001b[39m=\u001b[32m\"text-white font-bold text-sm uppercase tracking-wider flex items-center gap-2\"\u001b[39m\n              \u001b[36m>\u001b[39m\n                \u001b[36m<span\u001b[39m\n                  \u001b[33mclass\u001b[39m=\u001b[32m\"material-symbols-outlined text-primary text-lg\"\u001b[39m\n                \u001b[36m>\u001b[39m\n                  \u001b[0mperson\u001b[0m\n                \u001b[36m</span>\u001b[39m\n                \u001b[0mRegistered Players\u001b[0m\n              \u001b[36m</h4>\u001b[39m\n              \u001b[36m<a\u001b[39m\n                \u001b[33mclass\u001b[39m=\u001b[32m\"flex items-center justify-between p-3 rounded-xl bg-[#1c2230] border border-white/5 hover:border-white/10 transition-all group\"\u001b[39m\n                \u001b[33mdata-discover\u001b[39m=\u001b[32m\"true\"\u001b[39m\n                \u001b[33mhref\u001b[39m=\u001b[32m\"/players/undefined\"\u001b[39m\n              \u001b[36m>\u001b[39m\n                \u001b[36m<div\u001b[39m\n                  \u001b[33mclass\u001b[39m=\u001b[32m\"flex items-center gap-4\"\u001b[39m\n                \u001b[36m>\u001b[39m\n                  \u001b[36m<div\u001b[39m\n                    \u001b[33mclass\u001b[39m=\u001b[32m\"size-10 rounded-full bg-gray-700 flex items-center justify-center text-white font-bold text-xs ring-2 ring-transparent group-hover:ring-primary transition-all\"\u001b[39m\n                  \u001b[36m/>\u001b[39m\n                  \u001b[36m<div>\u001b[39m\n                    \u001b[36m<p\u001b[39m\n                      \u001b[33mclass\u001b[39m=\u001b[32m\"text-white font-bold text-sm group-hover:text-primary transition-colors\"\u001b[39m\n                    \u001b[36m/>\u001b[39m\n                  \u001b[36m</div>\u001b[39m\n                \u001b[36m</div>\u001b[39m\n                \u001b[36m<span\u001b[39m\n                  \u001b[33mclass\u001b[39m=\u001b[32m\"material-symbols-outlined text-slate-600 group-hover:text-white transition-colors\"\u001b[39m\n                \u001b[36m>\u001b[39m\n                  \u001b[0mchevron_right\u001b[0m\n                \u001b[36m</span>\u001b[39m\n              \u001b[36m</a>\u001b[39m\n              \u001b[36m<a\u001b[39m\n                \u001b[33mclass\u001b[39m=\u001b[32m\"flex items-center justify-between p-3 rounded-xl bg-[#1c2230] border border-white/5 hover:border-white/10 transition-all group\"\u001b[39m\n                \u001b[33mdata-discover\u001b[39m=\u001b[32m\"true\"\u001b[39m\n                \u001b[33mhref\u001b[39m=\u001b[32m\"/players/undefined\"\u001b[39m\n              \u001b[36m>\u001b[39m\n                \u001b[36m<div\u001b[39m\n                  \u001b[33mclass\u001b[39m=\u001b[32m\"flex items-center gap-4\"\u001b[39m\n                \u001b[36m>\u001b[39m\n                  \u001b[36m<div\u001b[39m\n                    \u001b[33mclass\u001b[39m=\u001b[32m\"size-10 rounded-full bg-gray-700 flex items-center justify-center text-white font-bold text-xs ring-2 ring-transparent group-hover:ring-primary transition-all\"\u001b[39m\n                  \u001b[36m/>\u001b[39m\n                  \u001b[36m<div>\u001b[39m\n                    \u001b[36m<p\u001b[39m\n                      \u001b[33mclass\u001b[39m=\u001b[32m\"text-white font-bold text-sm group-hover:text-primary transition-colors\"\u001b[39m\n                    \u001b[36m/>\u001b[39m\n                  \u001b[36m</div>\u001b[39m\n                \u001b[36m</div>\u001b[39m\n                \u001b[36m<span\u001b[39m\n                  \u001b[33mclass\u001b[39m=\u001b[32m\"material-symbols-outlined text-slate-600 group-hover:text-white transition-colors\"\u001b[39m\n                \u001b[36m>\u001b[39m\n                  \u001b[0mchevron_right\u001b[0m\n                \u001b[36m</span>\u001b[39m\n              \u001b[36m</a>\u001b[39m\n            \u001b[36m</div>\u001b[39m\n          \u001b[36m</div>\u001b[39m\n        \u001b[36m</div>\u001b[39m\n      \u001b[36m</div>\u001b[39m\n    \u001b[36m</div>\u001b[39m\n  \u001b[36m</div>\u001b[39m\n\u001b[36m</body>\u001b[39m\n    at Object.getElementError (C:\\Github\\BracketOfDeathSite\\src\\frontend\\node_modules\\@testing-library\\dom\\dist\\config.js:37:19)\n    at C:\\Github\\BracketOfDeathSite\\src\\frontend\\node_modules\\@testing-library\\dom\\dist\\query-helpers.js:76:38\n    at C:\\Github\\BracketOfDeathSite\\src\\frontend\\node_modules\\@testing-library\\dom\\dist\\query-helpers.js:109:15\n    at C:/Github/BracketOfDeathSite/src/frontend/src/pages/__tests__/TournamentDetail.test.tsx:95:19\n    at file:///C:/Github/BracketOfDeathSite/src/frontend/node_modules/@vitest/runner/dist/index.js:145:11\n    at file:///C:/Github/BracketOfDeathSite/src/frontend/node_modules/@vitest/runner/dist/index.js:915:26\n    at file:///C:/Github/BracketOfDeathSite/src/frontend/node_modules/@vitest/runner/dist/index.js:1243:20\n    at new Promise (<anonymous>)\n    at runWithTimeout (file:///C:/Github/BracketOfDeathSite/src/frontend/node_modules/@vitest/runner/dist/index.js:1209:10)\n    at file:///C:/Github/BracketOfDeathSite/src/frontend/node_modules/@vitest/runner/dist/index.js:1653:37"],"meta":{}},{"ancestorTitles":["TournamentDetail Page"],"fullName":"TournamentDetail Page shows admin actions when admin","status":"passed","title":"shows admin actions when admin","duration":22.951900000000023,"failureMessages":[],"meta":{}},{"ancestorTitles":["TournamentDetail Page"],"fullName":"TournamentDetail Page handles delete action","status":"passed","title":"handles delete action","duration":25.579499999999825,"failureMessages":[],"meta":{}},{"ancestorTitles":["TournamentDetail Page","Players Tab - Individual Player Display"],"fullName":"TournamentDetail Page Players Tab - Individual Player Display shows individual players from results for completed tournaments","status":"passed","title":"shows individual players from results for completed tournaments","duration":46.32769999999982,"failureMessages":[],"meta":{}},{"ancestorTitles":["TournamentDetail Page","Players Tab - Individual Player Display"],"fullName":"TournamentDetail Page Players Tab - Individual Player Display shows player stats including W-L and win percentage","status":"passed","title":"shows player stats including W-L and win percentage","duration":40.00790000000006,"failureMessages":[],"meta":{}},{"ancestorTitles":["TournamentDetail Page","Players Tab - Individual Player Display"],"fullName":"TournamentDetail Page Players Tab - Individual Player Display shows partner names in player cards","status":"passed","title":"shows partner names in player cards","duration":26.03690000000006,"failureMessages":[],"meta":{}},{"ancestorTitles":["TournamentDetail Page","Players Tab - Individual Player Display"],"fullName":"TournamentDetail Page Players Tab - Individual Player Display shows empty state when no players available","status":"passed","title":"shows empty state when no players available","duration":13.118199999999888,"failureMessages":[],"meta":{}},{"ancestorTitles":["TournamentDetail Page","Players Tab - Individual Player Display"],"fullName":"TournamentDetail Page Players Tab - Individual Player Display links player cards to player profiles","status":"passed","title":"links player cards to player profiles","duration":32.546100000000024,"failureMessages":[],"meta":{}},{"ancestorTitles":["TournamentDetail Page","Error States"],"fullName":"TournamentDetail Page Error States renders error message on API failure","status":"passed","title":"renders error message on API failure","duration":15.510499999999865,"failureMessages":[],"meta":{}}],"startTime":1766947072274,"endTime":1766947073020.5105,"status":"failed","message":"","name":"C:/Github/BracketOfDeathSite/src/frontend/src/pages/__tests__/TournamentDetail.test.tsx"},{"assertionResults":[{"ancestorTitles":["TournamentManage Page"],"fullName":"TournamentManage Page redirects/shows access denied if not admin","status":"passed","title":"redirects/shows access denied if not admin","duration":53.6860999999999,"failureMessages":[],"meta":{}},{"ancestorTitles":["TournamentManage Page"],"fullName":"TournamentManage Page renders loading state initially","status":"passed","title":"renders loading state initially","duration":8.57340000000022,"failureMessages":[],"meta":{}},{"ancestorTitles":["TournamentManage Page"],"fullName":"TournamentManage Page renders tournament data when loaded","status":"failed","title":"renders tournament data when loaded","duration":1011.5556999999994,"failureMessages":["Error: Unable to find an element with the text: Setup. This could be because the text is broken up by multiple elements. In this case, you can provide a function for your text matcher to make your matcher more flexible.\n\nIgnored nodes: comments, script, style\n\u001b[36m<body>\u001b[39m\n  \u001b[36m<div>\u001b[39m\n    \u001b[36m<div\u001b[39m\n      \u001b[33mclass\u001b[39m=\u001b[32m\"min-h-screen bg-background-dark text-white pb-20\"\u001b[39m\n    \u001b[36m>\u001b[39m\n      \u001b[36m<div\u001b[39m\n        \u001b[33mclass\u001b[39m=\u001b[32m\"sticky top-0 z-20 bg-background-dark/95 backdrop-blur-md border-b border-white/10 px-4 py-3\"\u001b[39m\n      \u001b[36m>\u001b[39m\n        \u001b[36m<div\u001b[39m\n          \u001b[33mclass\u001b[39m=\u001b[32m\"flex items-center justify-between gap-4\"\u001b[39m\n        \u001b[36m>\u001b[39m\n          \u001b[36m<div\u001b[39m\n            \u001b[33mclass\u001b[39m=\u001b[32m\"min-w-0\"\u001b[39m\n          \u001b[36m>\u001b[39m\n            \u001b[36m<div\u001b[39m\n              \u001b[33mclass\u001b[39m=\u001b[32m\"flex items-center gap-3\"\u001b[39m\n            \u001b[36m>\u001b[39m\n              \u001b[36m<h1\u001b[39m\n                \u001b[33mclass\u001b[39m=\u001b[32m\"text-lg font-bold truncate\"\u001b[39m\n              \u001b[36m>\u001b[39m\n                \u001b[0mBOD #42\u001b[0m\n              \u001b[36m</h1>\u001b[39m\n              \u001b[36m<div\u001b[39m\n                \u001b[33mclass\u001b[39m=\u001b[32m\"px-2 py-0.5 rounded-full text-[10px] uppercase font-bold flex items-center gap-1 bg-purple-500/20 text-purple-400 border border-purple-500/50\"\u001b[39m\n              \u001b[36m>\u001b[39m\n                \u001b[36m<span\u001b[39m\n                  \u001b[33mclass\u001b[39m=\u001b[32m\"material-symbols-outlined text-[12px]\"\u001b[39m\n                \u001b[36m>\u001b[39m\n                  \u001b[0memoji_events\u001b[0m\n                \u001b[36m</span>\u001b[39m\n                \u001b[0mBracket Play\u001b[0m\n              \u001b[36m</div>\u001b[39m\n            \u001b[36m</div>\u001b[39m\n            \u001b[36m<div\u001b[39m\n              \u001b[33mclass\u001b[39m=\u001b[32m\"text-xs text-slate-400 flex items-center gap-2 mt-0.5\"\u001b[39m\n            \u001b[36m>\u001b[39m\n              \u001b[36m<span>\u001b[39m\n                \u001b[0m12/1/2023\u001b[0m\n              \u001b[36m</span>\u001b[39m\n              \u001b[36m<span>\u001b[39m\n                \u001b[0m•\u001b[0m\n              \u001b[36m</span>\u001b[39m\n              \u001b[36m<span>\u001b[39m\n                \u001b[0mMain Courts\u001b[0m\n              \u001b[36m</span>\u001b[39m\n            \u001b[36m</div>\u001b[39m\n          \u001b[36m</div>\u001b[39m\n          \u001b[36m<div\u001b[39m\n            \u001b[33mclass\u001b[39m=\u001b[32m\"flex items-center gap-2\"\u001b[39m\n          \u001b[36m>\u001b[39m\n            \u001b[36m<a\u001b[39m\n              \u001b[33mclass\u001b[39m=\u001b[32m\"size-9 rounded-full bg-white/5 flex items-center justify-center hover:bg-white/10 transition-colors\"\u001b[39m\n              \u001b[33mdata-discover\u001b[39m=\u001b[32m\"true\"\u001b[39m\n              \u001b[33mhref\u001b[39m=\u001b[32m\"/tournaments/tourney-001\"\u001b[39m\n              \u001b[33mtitle\u001b[39m=\u001b[32m\"View Public Page\"\u001b[39m\n            \u001b[36m>\u001b[39m\n              \u001b[36m<span\u001b[39m\n                \u001b[33mclass\u001b[39m=\u001b[32m\"material-symbols-outlined text-white text-[20px]\"\u001b[39m\n              \u001b[36m>\u001b[39m\n                \u001b[0mvisibility\u001b[0m\n              \u001b[36m</span>\u001b[39m\n            \u001b[36m</a>\u001b[39m\n            \u001b[36m<a\u001b[39m\n              \u001b[33mclass\u001b[39m=\u001b[32m\"size-9 rounded-full bg-white/5 flex items-center justify-center hover:bg-white/10 transition-colors\"\u001b[39m\n              \u001b[33mdata-discover\u001b[39m=\u001b[32m\"true\"\u001b[39m\n              \u001b[33mhref\u001b[39m=\u001b[32m\"/tournaments\"\u001b[39m\n              \u001b[33mtitle\u001b[39m=\u001b[32m\"Back to List\"\u001b[39m\n            \u001b[36m>\u001b[39m\n              \u001b[36m<span\u001b[39m\n                \u001b[33mclass\u001b[39m=\u001b[32m\"material-symbols-outlined text-white text-[20px]\"\u001b[39m\n              \u001b[36m>\u001b[39m\n                \u001b[0mclose\u001b[0m\n              \u001b[36m</span>\u001b[39m\n            \u001b[36m</a>\u001b[39m\n          \u001b[36m</div>\u001b[39m\n        \u001b[36m</div>\u001b[39m\n        \u001b[36m<div\u001b[39m\n          \u001b[33mclass\u001b[39m=\u001b[32m\"mt-3\"\u001b[39m\n        \u001b[36m>\u001b[39m\n          \u001b[36m<div\u001b[39m\n            \u001b[33mclass\u001b[39m=\u001b[32m\"flex justify-between text-[10px] text-slate-500 uppercase font-bold mb-1\"\u001b[39m\n          \u001b[36m>\u001b[39m\n            \u001b[36m<span>\u001b[39m\n              \u001b[0mSemifinals\u001b[0m\n            \u001b[36m</span>\u001b[39m\n            \u001b[36m<span>\u001b[39m\n              \u001b[0m2\u001b[0m\n              \u001b[0m/\u001b[0m\n              \u001b[0m4\u001b[0m\n              \u001b[0m Matches\u001b[0m\n            \u001b[36m</span>\u001b[39m\n          \u001b[36m</div>\u001b[39m\n          \u001b[36m<div\u001b[39m\n            \u001b[33mclass\u001b[39m=\u001b[32m\"h-1 bg-white/5 rounded-full overflow-hidden\"\u001b[39m\n          \u001b[36m>\u001b[39m\n            \u001b[36m<div\u001b[39m\n              \u001b[33mclass\u001b[39m=\u001b[32m\"h-full bg-primary transition-all duration-500\"\u001b[39m\n              \u001b[33mstyle\u001b[39m=\u001b[32m\"width: 50%;\"\u001b[39m\n            \u001b[36m/>\u001b[39m\n          \u001b[36m</div>\u001b[39m\n        \u001b[36m</div>\u001b[39m\n      \u001b[36m</div>\u001b[39m\n      \u001b[36m<div\u001b[39m\n        \u001b[33mclass\u001b[39m=\u001b[32m\"p-4 grid grid-cols-1 lg:grid-cols-3 gap-6 max-w-7xl mx-auto\"\u001b[39m\n      \u001b[36m>\u001b[39m\n        \u001b[36m<div\u001b[39m\n          \u001b[33mclass\u001b[39m=\u001b[32m\"lg:col-span-2 space-y-6\"\u001b[39m\n        \u001b[36m>\u001b[39m\n          \u001b[36m<div\u001b[39m\n            \u001b[33mclass\u001b[39m=\u001b[32m\"bg-surface-dark rounded-2xl border border-white/5 p-5 shadow-lg\"\u001b[39m\n          \u001b[36m>\u001b[39m\n            \u001b[36m<h3\u001b[39m\n              \u001b[33mclass\u001b[39m=\u001b[32m\"text-sm font-bold text-slate-400 uppercase tracking-wider mb-4\"\u001b[39m\n            \u001b[36m>\u001b[39m\n              \u001b[0mPhase Controls\u001b[0m\n            \u001b[36m</h3>\u001b[39m\n            \u001b[36m<div\u001b[39m\n              \u001b[33mclass\u001b[39m=\u001b[32m\"flex flex-wrap gap-3\"\u001b[39m\n            \u001b[36m>\u001b[39m\n              \u001b[36m<button\u001b[39m\n                \u001b[33mclass\u001b[39m=\u001b[32m\"ml-auto px-3 py-2 rounded-lg bg-red-500/10 text-red-500 font-bold hover:bg-red-500 hover:text-white text-xs\"\u001b[39m\n              \u001b[36m>\u001b[39m\n                \u001b[0mForce Reset\u001b[0m\n              \u001b[36m</button>\u001b[39m\n            \u001b[36m</div>\u001b[39m\n          \u001b[36m</div>\u001b[39m\n          \u001b[36m<div\u001b[39m\n            \u001b[33mclass\u001b[39m=\u001b[32m\"bg-surface-dark rounded-2xl border border-white/5 p-5 shadow-lg\"\u001b[39m\n          \u001b[36m>\u001b[39m\n            \u001b[36m<div\u001b[39m\n              \u001b[33mclass\u001b[39m=\u001b[32m\"flex flex-col md:flex-row md:items-center justify-between gap-4 mb-5\"\u001b[39m\n            \u001b[36m>\u001b[39m\n              \u001b[36m<h3\u001b[39m\n                \u001b[33mclass\u001b[39m=\u001b[32m\"text-lg font-bold text-white\"\u001b[39m\n              \u001b[36m>\u001b[39m\n                \u001b[0mMatches\u001b[0m\n              \u001b[36m</h3>\u001b[39m\n              \u001b[36m<select\u001b[39m\n                \u001b[33mclass\u001b[39m=\u001b[32m\"bg-background-dark border border-white/10 rounded-lg px-3 py-2 text-sm text-white focus:outline-none focus:border-primary appearance-none\"\u001b[39m\n              \u001b[36m>\u001b[39m\n                \u001b[36m<option\u001b[39m\n                  \u001b[33mvalue\u001b[39m=\u001b[32m\"quarterfinal\"\u001b[39m\n                \u001b[36m>\u001b[39m\n                  \u001b[0mQuarterfinals\u001b[0m\n                \u001b[36m</option>\u001b[39m\n                \u001b[36m<option\u001b[39m\n                  \u001b[33mvalue\u001b[39m=\u001b[32m\"semifinal\"\u001b[39m\n                \u001b[36m>\u001b[39m\n                  \u001b[0mSemifinals\u001b[0m\n                \u001b[36m</option>\u001b[39m\n                \u001b[36m<option\u001b[39m\n                  \u001b[33mvalue\u001b[39m=\u001b[32m\"final\"\u001b[39m\n                \u001b[36m>\u001b[39m\n                  \u001b[0mFinal\u001b[0m\n                \u001b[36m</option>\u001b[39m\n              \u001b[36m</select>\u001b[39m\n            \u001b[36m</div>\u001b[39m\n            \u001b[36m<div\u001b[39m\n              \u001b[33mclass\u001b[39m=\u001b[32m\"flex items-center justify-between mb-2 text-white\"\u001b[39m\n            \u001b[36m>\u001b[39m\n              \u001b[36m<div\u001b[39m\n                \u001b[33mclass\u001b[39m=\u001b[32m\"text-sm text-slate-400\"\u001b[39m\n              \u001b[36m>\u001b[39m\n                \u001b[0m1\u001b[0m\n                \u001b[0m match\u001b[0m\n                \u001b[0m in this round\u001b[0m\n              \u001b[36m</div>\u001b[39m\n              \u001b[36m<div\u001b[39m\n                \u001b[33mclass\u001b[39m=\u001b[32m\"flex items-center space-x-3\"\u001b[39m\n              \u001b[36m>\u001b[39m\n                \u001b[36m<label\u001b[39m\n                  \u001b[33mclass\u001b[39m=\u001b[32m\"flex items-center space-x-2 text-sm text-slate-300 cursor-pointer hover:text-white transition-colors\"\u001b[39m\n                \u001b[36m>\u001b[39m\n                  \u001b[36m<input\u001b[39m\n                    \u001b[33mchecked\u001b[39m=\u001b[32m\"\"\u001b[39m\n                    \u001b[33mclass\u001b[39m=\u001b[32m\"rounded border-white/20 bg-black/20 text-primary focus:ring-primary\"\u001b[39m\n                    \u001b[33mtype\u001b[39m=\u001b[32m\"checkbox\"\u001b[39m\n                  \u001b[36m/>\u001b[39m\n                  \u001b[36m<span>\u001b[39m\n                    \u001b[0mList View\u001b[0m\n                  \u001b[36m</span>\u001b[39m\n                \u001b[36m</label>\u001b[39m\n                \u001b[36m<label\u001b[39m\n                  \u001b[33mclass\u001b[39m=\u001b[32m\"flex items-center space-x-2 text-sm text-slate-300 cursor-pointer hover:text-white transition-colors\"\u001b[39m\n                \u001b[36m>\u001b[39m\n                  \u001b[36m<input\u001b[39m\n                    \u001b[33mchecked\u001b[39m=\u001b[32m\"\"\u001b[39m\n                    \u001b[33mclass\u001b[39m=\u001b[32m\"rounded border-white/20 bg-black/20 text-primary focus:ring-primary\"\u001b[39m\n                    \u001b[33mtype\u001b[39m=\u001b[32m\"checkbox\"\u001b[39m\n                  \u001b[36m/>\u001b[39m\n                  \u001b[36m<span>\u001b[39m\n                    \u001b[0mRequire Per-Player\u001b[0m\n                  \u001b[36m</span>\u001b[39m\n                \u001b[36m</label>\u001b[39m\n                \u001b[36m<label\u001b[39m\n                  \u001b[33mclass\u001b[39m=\u001b[32m\"flex items-center space-x-2 text-sm text-slate-300 cursor-pointer hover:text-white transition-colors\"\u001b[39m\n                \u001b[36m>\u001b[39m\n                  \u001b[36m<input\u001b[39m\n                    \u001b[33mchecked\u001b[39m=\u001b[32m\"\"\u001b[39m\n                    \u001b[33mclass\u001b[39m=\u001b[32m\"rounded border-white/20 bg-black/20 text-primary focus:ring-primary\"\u001b[39m\n                    \u001b[33mtype\u001b[39m=\u001b[32m\"checkbox\"\u001b[39m\n                  \u001b[36m/>\u001b[39m\n                  \u001b[36m<span>\u001b[39m\n                    \u001b[0mLock Totals\u001b[0m\n                  \u001b[36m</span>\u001b[39m\n                \u001b[36m</label>\u001b[39m\n                \u001b[36m<button\u001b[39m\n                  \u001b[33mclass\u001b[39m=\u001b[32m\"btn btn-xs btn-primary shadow-lg shadow-primary/20\"\u001b[39m\n                  \u001b[33mtitle\u001b[39m=\u001b[32m\"Confirm all completed matches in this round\"\u001b[39m\n                \u001b[36m>\u001b[39m\n                  \u001b[0mConfirm All Completed\u001b[0m\n                \u001b[36m</button>\u001b[39m\n              \u001b[36m</div>\u001b[39m\n            \u001b[36m</div>\u001b[39m\n            \u001b[36m<div\u001b[39m\n              \u001b[33mclass\u001b[39m=\u001b[32m\"mt-4 grid gap-3 grid-cols-1\"\u001b[39m\n            \u001b[36m>\u001b[39m\n              \u001b[36m<div\u001b[39m\n                \u001b[33mclass\u001b[39m=\u001b[32m\"rounded-xl border transition-all bg-surface-dark border-green-500/30 shadow-[0_0_10px_rgba(34,197,94,0.1)]\"\u001b[39m\n              \u001b[36m>\u001b[39m\n                \u001b[36m<div\u001b[39m\n                  \u001b[33mclass\u001b[39m=\u001b[32m\"p-3 border-b border-white/5 flex items-center justify-between\"\u001b[39m\n                \u001b[36m>\u001b[39m\n                  \u001b[36m<span\u001b[39m\n                    \u001b[33mclass\u001b[39m=\u001b[32m\"text-xs font-bold text-slate-500 uppercase\"\u001b[39m\n                  \u001b[36m>\u001b[39m\n                    \u001b[0mMatch \u001b[0m\n                    \u001b[0m1\u001b[0m\n                  \u001b[36m</span>\u001b[39m\n                  \u001b[36m<span\u001b[39m\n                    \u001b[33mclass\u001b[39m=\u001b[32m\"text-[10px] font-bold px-2 py-0.5 rounded-full uppercase bg-green-500/20 text-green-500\"\u001b[39m\n                  \u001b[36m>\u001b[39m\n                    \u001b[0mcompleted\u001b[0m\n                  \u001b[36m</span>\u001b[39m\n                \u001b[36m</div>\u001b[39m\n                \u001b[36m<div\u001b[39m\n                  \u001b[33mclass\u001b[39m=\u001b[32m\"p-3 text-white\"\u001b[39m\n                \u001b[36m>\u001b[39m\n                  \u001b[36m<div\u001b[39m\n                    \u001b[33mdata-testid\u001b[39m=\u001b[32m\"match-scoring\"\u001b[39m\n                  \u001b[36m>\u001b[39m\n                    \u001b[0mMock Match Scoring\u001b[0m\n                  \u001b[36m</div>\u001b[39m\n                \u001b[36m</div>\u001b[39m\n              \u001b[36m</div>\u001b[39m\n            \u001b[36m</div>\u001b[39m\n          \u001b[36m</div>\u001b[39m\n          \u001b[36m<div\u001b[39m\n            \u001b[33mclass\u001b[39m=\u001b[32m\"bg-surface-dark rounded-2xl border border-white/5 p-5 overflow-x-auto shadow-lg\"\u001b[39m\n          \u001b[36m>\u001b[39m\n            \u001b[36m<h3\u001b[39m\n              \u001b[33mclass\u001b[39m=\u001b[32m\"text-sm font-bold text-slate-400 uppercase tracking-wider mb-4\"\u001b[39m\n            \u001b[36m>\u001b[39m\n              \u001b[0mBracket View\u001b[0m\n            \u001b[36m</h3>\u001b[39m\n            \u001b[36m<div\u001b[39m\n              \u001b[33mdata-testid\u001b[39m=\u001b[32m\"bracket-view\"\u001b[39m\n            \u001b[36m>\u001b[39m\n              \u001b[0mMock Bracket View\u001b[0m\n            \u001b[36m</div>\u001b[39m\n          \u001b[36m</div>\u001b[39m\n        \u001b[36m</div>\u001b[39m\n        \u001b[36m<div\u001b[39m\n          \u001b[33mclass\u001b[39m=\u001b[32m\"space-y-6\"\u001b[39m\n        \u001b[36m>\u001b[39m\n          \u001b[36m<div\u001b[39m\n            \u001b[33mdata-testid\u001b[39m=\u001b[32m\"live-stats\"\u001b[39m\n          \u001b[36m>\u001b[39m\n            \u001b[0mMock Live Stats\u001b[0m\n          \u001b[36m</div>\u001b[39m\n          \u001b[36m<div\u001b[39m\n            \u001b[33mdata-testid\u001b[39m=\u001b[32m\"player-leaderboard\"\u001b[39m\n          \u001b[36m>\u001b[39m\n            \u001b[0mMock Leaderboard\u001b[0m\n          \u001b[36m</div>\u001b[39m\n        \u001b[36m</div>\u001b[39m\n      \u001b[36m</div>\u001b[39m\n    \u001b[36m</div>\u001b[39m\n  \u001b[36m</div>\u001b[39m\n\u001b[36m</body>\u001b[39m\n    at Proxy.waitForWrapper (C:\\Github\\BracketOfDeathSite\\src\\frontend\\node_modules\\@testing-library\\dom\\dist\\wait-for.js:163:27)\n    at C:/Github/BracketOfDeathSite/src/frontend/src/pages/__tests__/TournamentManage.test.tsx:106:11\n    at file:///C:/Github/BracketOfDeathSite/src/frontend/node_modules/@vitest/runner/dist/index.js:145:11\n    at file:///C:/Github/BracketOfDeathSite/src/frontend/node_modules/@vitest/runner/dist/index.js:915:26\n    at file:///C:/Github/BracketOfDeathSite/src/frontend/node_modules/@vitest/runner/dist/index.js:1243:20\n    at new Promise (<anonymous>)\n    at runWithTimeout (file:///C:/Github/BracketOfDeathSite/src/frontend/node_modules/@vitest/runner/dist/index.js:1209:10)\n    at file:///C:/Github/BracketOfDeathSite/src/frontend/node_modules/@vitest/runner/dist/index.js:1653:37\n    at Traces.$ (file:///C:/Github/BracketOfDeathSite/src/frontend/node_modules/vitest/dist/chunks/traces.U4xDYhzZ.js:115:27)\n    at trace (file:///C:/Github/BracketOfDeathSite/src/frontend/node_modules/vitest/dist/chunks/test.B8ej_ZHS.js:239:21)"],"meta":{}},{"ancestorTitles":["TournamentManage Page"],"fullName":"TournamentManage Page shows error when tournament not found","status":"passed","title":"shows error when tournament not found","duration":10.359400000000278,"failureMessages":[],"meta":{}},{"ancestorTitles":["TournamentManage Page"],"fullName":"TournamentManage Page shows \"Open Registration\" button in setup phase","status":"passed","title":"shows \"Open Registration\" button in setup phase","duration":9.163800000000265,"failureMessages":[],"meta":{}},{"ancestorTitles":["TournamentManage Page"],"fullName":"TournamentManage Page shows \"Close Reg\" and \"Start Check-In\" in registration phase","status":"passed","title":"shows \"Close Reg\" and \"Start Check-In\" in registration phase","duration":10.065300000000207,"failureMessages":[],"meta":{}},{"ancestorTitles":["TournamentManage Page"],"fullName":"TournamentManage Page calls executeTournamentAction when action button is clicked","status":"passed","title":"calls executeTournamentAction when action button is clicked","duration":18.616100000000188,"failureMessages":[],"meta":{}},{"ancestorTitles":["TournamentManage Page"],"fullName":"TournamentManage Page renders matches grid in bracket phase","status":"passed","title":"renders matches grid in bracket phase","duration":10.20469999999932,"failureMessages":[],"meta":{}},{"ancestorTitles":["TournamentManage Page"],"fullName":"TournamentManage Page handles check-in toggle","status":"failed","title":"handles check-in toggle","duration":1013.9483,"failureMessages":["Error: Unable to find an element with the text: Doe/Smith. This could be because the text is broken up by multiple elements. In this case, you can provide a function for your text matcher to make your matcher more flexible.\n\nIgnored nodes: comments, script, style\n\u001b[36m<body>\u001b[39m\n  \u001b[36m<div />\u001b[39m\n\u001b[36m</body>\u001b[39m\n    at Proxy.waitForWrapper (C:\\Github\\BracketOfDeathSite\\src\\frontend\\node_modules\\@testing-library\\dom\\dist\\wait-for.js:163:27)\n    at C:/Github/BracketOfDeathSite/src/frontend/src/pages/__tests__/TournamentManage.test.tsx:218:11\n    at file:///C:/Github/BracketOfDeathSite/src/frontend/node_modules/@vitest/runner/dist/index.js:145:11\n    at file:///C:/Github/BracketOfDeathSite/src/frontend/node_modules/@vitest/runner/dist/index.js:915:26\n    at file:///C:/Github/BracketOfDeathSite/src/frontend/node_modules/@vitest/runner/dist/index.js:1243:20\n    at new Promise (<anonymous>)\n    at runWithTimeout (file:///C:/Github/BracketOfDeathSite/src/frontend/node_modules/@vitest/runner/dist/index.js:1209:10)\n    at file:///C:/Github/BracketOfDeathSite/src/frontend/node_modules/@vitest/runner/dist/index.js:1653:37\n    at Traces.$ (file:///C:/Github/BracketOfDeathSite/src/frontend/node_modules/vitest/dist/chunks/traces.U4xDYhzZ.js:115:27)\n    at trace (file:///C:/Github/BracketOfDeathSite/src/frontend/node_modules/vitest/dist/chunks/test.B8ej_ZHS.js:239:21)"],"meta":{}},{"ancestorTitles":["TournamentManage Page"],"fullName":"TournamentManage Page handles force reset with confirmation","status":"passed","title":"handles force reset with confirmation","duration":12.785499999999956,"failureMessages":[],"meta":{}},{"ancestorTitles":["TournamentManage Page"],"fullName":"TournamentManage Page handles SSE updates for realtime changes","status":"failed","title":"handles SSE updates for realtime changes","duration":1017.4076000000005,"failureMessages":["Error: Unable to find an element with the text: BOD #999. This could be because the text is broken up by multiple elements. In this case, you can provide a function for your text matcher to make your matcher more flexible.\n\nIgnored nodes: comments, script, style\n\u001b[36m<body>\u001b[39m\n  \u001b[36m<div>\u001b[39m\n    \u001b[36m<div\u001b[39m\n      \u001b[33mclass\u001b[39m=\u001b[32m\"min-h-screen bg-background-dark text-white pb-20\"\u001b[39m\n    \u001b[36m>\u001b[39m\n      \u001b[36m<div\u001b[39m\n        \u001b[33mclass\u001b[39m=\u001b[32m\"sticky top-0 z-20 bg-background-dark/95 backdrop-blur-md border-b border-white/10 px-4 py-3\"\u001b[39m\n      \u001b[36m>\u001b[39m\n        \u001b[36m<div\u001b[39m\n          \u001b[33mclass\u001b[39m=\u001b[32m\"flex items-center justify-between gap-4\"\u001b[39m\n        \u001b[36m>\u001b[39m\n          \u001b[36m<div\u001b[39m\n            \u001b[33mclass\u001b[39m=\u001b[32m\"min-w-0\"\u001b[39m\n          \u001b[36m>\u001b[39m\n            \u001b[36m<div\u001b[39m\n              \u001b[33mclass\u001b[39m=\u001b[32m\"flex items-center gap-3\"\u001b[39m\n            \u001b[36m>\u001b[39m\n              \u001b[36m<h1\u001b[39m\n                \u001b[33mclass\u001b[39m=\u001b[32m\"text-lg font-bold truncate\"\u001b[39m\n              \u001b[36m>\u001b[39m\n                \u001b[0mBOD #42\u001b[0m\n              \u001b[36m</h1>\u001b[39m\n              \u001b[36m<div\u001b[39m\n                \u001b[33mclass\u001b[39m=\u001b[32m\"px-2 py-0.5 rounded-full text-[10px] uppercase font-bold flex items-center gap-1 bg-purple-500/20 text-purple-400 border border-purple-500/50\"\u001b[39m\n              \u001b[36m>\u001b[39m\n                \u001b[36m<span\u001b[39m\n                  \u001b[33mclass\u001b[39m=\u001b[32m\"material-symbols-outlined text-[12px]\"\u001b[39m\n                \u001b[36m>\u001b[39m\n                  \u001b[0memoji_events\u001b[0m\n                \u001b[36m</span>\u001b[39m\n                \u001b[0mBracket Play\u001b[0m\n              \u001b[36m</div>\u001b[39m\n            \u001b[36m</div>\u001b[39m\n            \u001b[36m<div\u001b[39m\n              \u001b[33mclass\u001b[39m=\u001b[32m\"text-xs text-slate-400 flex items-center gap-2 mt-0.5\"\u001b[39m\n            \u001b[36m>\u001b[39m\n              \u001b[36m<span>\u001b[39m\n                \u001b[0m12/1/2023\u001b[0m\n              \u001b[36m</span>\u001b[39m\n              \u001b[36m<span>\u001b[39m\n                \u001b[0m•\u001b[0m\n              \u001b[36m</span>\u001b[39m\n              \u001b[36m<span>\u001b[39m\n                \u001b[0mMain Courts\u001b[0m\n              \u001b[36m</span>\u001b[39m\n            \u001b[36m</div>\u001b[39m\n          \u001b[36m</div>\u001b[39m\n          \u001b[36m<div\u001b[39m\n            \u001b[33mclass\u001b[39m=\u001b[32m\"flex items-center gap-2\"\u001b[39m\n          \u001b[36m>\u001b[39m\n            \u001b[36m<a\u001b[39m\n              \u001b[33mclass\u001b[39m=\u001b[32m\"size-9 rounded-full bg-white/5 flex items-center justify-center hover:bg-white/10 transition-colors\"\u001b[39m\n              \u001b[33mdata-discover\u001b[39m=\u001b[32m\"true\"\u001b[39m\n              \u001b[33mhref\u001b[39m=\u001b[32m\"/tournaments/tourney-001\"\u001b[39m\n              \u001b[33mtitle\u001b[39m=\u001b[32m\"View Public Page\"\u001b[39m\n            \u001b[36m>\u001b[39m\n              \u001b[36m<span\u001b[39m\n                \u001b[33mclass\u001b[39m=\u001b[32m\"material-symbols-outlined text-white text-[20px]\"\u001b[39m\n              \u001b[36m>\u001b[39m\n                \u001b[0mvisibility\u001b[0m\n              \u001b[36m</span>\u001b[39m\n            \u001b[36m</a>\u001b[39m\n            \u001b[36m<a\u001b[39m\n              \u001b[33mclass\u001b[39m=\u001b[32m\"size-9 rounded-full bg-white/5 flex items-center justify-center hover:bg-white/10 transition-colors\"\u001b[39m\n              \u001b[33mdata-discover\u001b[39m=\u001b[32m\"true\"\u001b[39m\n              \u001b[33mhref\u001b[39m=\u001b[32m\"/tournaments\"\u001b[39m\n              \u001b[33mtitle\u001b[39m=\u001b[32m\"Back to List\"\u001b[39m\n            \u001b[36m>\u001b[39m\n              \u001b[36m<span\u001b[39m\n                \u001b[33mclass\u001b[39m=\u001b[32m\"material-symbols-outlined text-white text-[20px]\"\u001b[39m\n              \u001b[36m>\u001b[39m\n                \u001b[0mclose\u001b[0m\n              \u001b[36m</span>\u001b[39m\n            \u001b[36m</a>\u001b[39m\n          \u001b[36m</div>\u001b[39m\n        \u001b[36m</div>\u001b[39m\n        \u001b[36m<div\u001b[39m\n          \u001b[33mclass\u001b[39m=\u001b[32m\"mt-3\"\u001b[39m\n        \u001b[36m>\u001b[39m\n          \u001b[36m<div\u001b[39m\n            \u001b[33mclass\u001b[39m=\u001b[32m\"flex justify-between text-[10px] text-slate-500 uppercase font-bold mb-1\"\u001b[39m\n          \u001b[36m>\u001b[39m\n            \u001b[36m<span>\u001b[39m\n              \u001b[0mSemifinals\u001b[0m\n            \u001b[36m</span>\u001b[39m\n            \u001b[36m<span>\u001b[39m\n              \u001b[0m2\u001b[0m\n              \u001b[0m/\u001b[0m\n              \u001b[0m4\u001b[0m\n              \u001b[0m Matches\u001b[0m\n            \u001b[36m</span>\u001b[39m\n          \u001b[36m</div>\u001b[39m\n          \u001b[36m<div\u001b[39m\n            \u001b[33mclass\u001b[39m=\u001b[32m\"h-1 bg-white/5 rounded-full overflow-hidden\"\u001b[39m\n          \u001b[36m>\u001b[39m\n            \u001b[36m<div\u001b[39m\n              \u001b[33mclass\u001b[39m=\u001b[32m\"h-full bg-primary transition-all duration-500\"\u001b[39m\n              \u001b[33mstyle\u001b[39m=\u001b[32m\"width: 50%;\"\u001b[39m\n            \u001b[36m/>\u001b[39m\n          \u001b[36m</div>\u001b[39m\n        \u001b[36m</div>\u001b[39m\n      \u001b[36m</div>\u001b[39m\n      \u001b[36m<div\u001b[39m\n        \u001b[33mclass\u001b[39m=\u001b[32m\"p-4 grid grid-cols-1 lg:grid-cols-3 gap-6 max-w-7xl mx-auto\"\u001b[39m\n      \u001b[36m>\u001b[39m\n        \u001b[36m<div\u001b[39m\n          \u001b[33mclass\u001b[39m=\u001b[32m\"lg:col-span-2 space-y-6\"\u001b[39m\n        \u001b[36m>\u001b[39m\n          \u001b[36m<div\u001b[39m\n            \u001b[33mclass\u001b[39m=\u001b[32m\"bg-surface-dark rounded-2xl border border-white/5 p-5 shadow-lg\"\u001b[39m\n          \u001b[36m>\u001b[39m\n            \u001b[36m<h3\u001b[39m\n              \u001b[33mclass\u001b[39m=\u001b[32m\"text-sm font-bold text-slate-400 uppercase tracking-wider mb-4\"\u001b[39m\n            \u001b[36m>\u001b[39m\n              \u001b[0mPhase Controls\u001b[0m\n            \u001b[36m</h3>\u001b[39m\n            \u001b[36m<div\u001b[39m\n              \u001b[33mclass\u001b[39m=\u001b[32m\"flex flex-wrap gap-3\"\u001b[39m\n            \u001b[36m>\u001b[39m\n              \u001b[36m<button\u001b[39m\n                \u001b[33mclass\u001b[39m=\u001b[32m\"ml-auto px-3 py-2 rounded-lg bg-red-500/10 text-red-500 font-bold hover:bg-red-500 hover:text-white text-xs\"\u001b[39m\n              \u001b[36m>\u001b[39m\n                \u001b[0mForce Reset\u001b[0m\n              \u001b[36m</button>\u001b[39m\n            \u001b[36m</div>\u001b[39m\n          \u001b[36m</div>\u001b[39m\n          \u001b[36m<div\u001b[39m\n            \u001b[33mclass\u001b[39m=\u001b[32m\"bg-surface-dark rounded-2xl border border-white/5 p-5 shadow-lg\"\u001b[39m\n          \u001b[36m>\u001b[39m\n            \u001b[36m<div\u001b[39m\n              \u001b[33mclass\u001b[39m=\u001b[32m\"flex flex-col md:flex-row md:items-center justify-between gap-4 mb-5\"\u001b[39m\n            \u001b[36m>\u001b[39m\n              \u001b[36m<h3\u001b[39m\n                \u001b[33mclass\u001b[39m=\u001b[32m\"text-lg font-bold text-white\"\u001b[39m\n              \u001b[36m>\u001b[39m\n                \u001b[0mMatches\u001b[0m\n              \u001b[36m</h3>\u001b[39m\n              \u001b[36m<select\u001b[39m\n                \u001b[33mclass\u001b[39m=\u001b[32m\"bg-background-dark border border-white/10 rounded-lg px-3 py-2 text-sm text-white focus:outline-none focus:border-primary appearance-none\"\u001b[39m\n              \u001b[36m>\u001b[39m\n                \u001b[36m<option\u001b[39m\n                  \u001b[33mvalue\u001b[39m=\u001b[32m\"quarterfinal\"\u001b[39m\n                \u001b[36m>\u001b[39m\n                  \u001b[0mQuarterfinals\u001b[0m\n                \u001b[36m</option>\u001b[39m\n                \u001b[36m<option\u001b[39m\n                  \u001b[33mvalue\u001b[39m=\u001b[32m\"semifinal\"\u001b[39m\n                \u001b[36m>\u001b[39m\n                  \u001b[0mSemifinals\u001b[0m\n                \u001b[36m</option>\u001b[39m\n                \u001b[36m<option\u001b[39m\n                  \u001b[33mvalue\u001b[39m=\u001b[32m\"final\"\u001b[39m\n                \u001b[36m>\u001b[39m\n                  \u001b[0mFinal\u001b[0m\n                \u001b[36m</option>\u001b[39m\n              \u001b[36m</select>\u001b[39m\n            \u001b[36m</div>\u001b[39m\n            \u001b[36m<div\u001b[39m\n              \u001b[33mclass\u001b[39m=\u001b[32m\"flex items-center justify-between mb-2 text-white\"\u001b[39m\n            \u001b[36m>\u001b[39m\n              \u001b[36m<div\u001b[39m\n                \u001b[33mclass\u001b[39m=\u001b[32m\"text-sm text-slate-400\"\u001b[39m\n              \u001b[36m>\u001b[39m\n                \u001b[0m1\u001b[0m\n                \u001b[0m match\u001b[0m\n                \u001b[0m in this round\u001b[0m\n              \u001b[36m</div>\u001b[39m\n              \u001b[36m<div\u001b[39m\n                \u001b[33mclass\u001b[39m=\u001b[32m\"flex items-center space-x-3\"\u001b[39m\n              \u001b[36m>\u001b[39m\n                \u001b[36m<label\u001b[39m\n                  \u001b[33mclass\u001b[39m=\u001b[32m\"flex items-center space-x-2 text-sm text-slate-300 cursor-pointer hover:text-white transition-colors\"\u001b[39m\n                \u001b[36m>\u001b[39m\n                  \u001b[36m<input\u001b[39m\n                    \u001b[33mchecked\u001b[39m=\u001b[32m\"\"\u001b[39m\n                    \u001b[33mclass\u001b[39m=\u001b[32m\"rounded border-white/20 bg-black/20 text-primary focus:ring-primary\"\u001b[39m\n                    \u001b[33mtype\u001b[39m=\u001b[32m\"checkbox\"\u001b[39m\n                  \u001b[36m/>\u001b[39m\n                  \u001b[36m<span>\u001b[39m\n                    \u001b[0mList View\u001b[0m\n                  \u001b[36m</span>\u001b[39m\n                \u001b[36m</label>\u001b[39m\n                \u001b[36m<label\u001b[39m\n                  \u001b[33mclass\u001b[39m=\u001b[32m\"flex items-center space-x-2 text-sm text-slate-300 cursor-pointer hover:text-white transition-colors\"\u001b[39m\n                \u001b[36m>\u001b[39m\n                  \u001b[36m<input\u001b[39m\n                    \u001b[33mchecked\u001b[39m=\u001b[32m\"\"\u001b[39m\n                    \u001b[33mclass\u001b[39m=\u001b[32m\"rounded border-white/20 bg-black/20 text-primary focus:ring-primary\"\u001b[39m\n                    \u001b[33mtype\u001b[39m=\u001b[32m\"checkbox\"\u001b[39m\n                  \u001b[36m/>\u001b[39m\n                  \u001b[36m<span>\u001b[39m\n                    \u001b[0mRequire Per-Player\u001b[0m\n                  \u001b[36m</span>\u001b[39m\n                \u001b[36m</label>\u001b[39m\n                \u001b[36m<label\u001b[39m\n                  \u001b[33mclass\u001b[39m=\u001b[32m\"flex items-center space-x-2 text-sm text-slate-300 cursor-pointer hover:text-white transition-colors\"\u001b[39m\n                \u001b[36m>\u001b[39m\n                  \u001b[36m<input\u001b[39m\n                    \u001b[33mchecked\u001b[39m=\u001b[32m\"\"\u001b[39m\n                    \u001b[33mclass\u001b[39m=\u001b[32m\"rounded border-white/20 bg-black/20 text-primary focus:ring-primary\"\u001b[39m\n                    \u001b[33mtype\u001b[39m=\u001b[32m\"checkbox\"\u001b[39m\n                  \u001b[36m/>\u001b[39m\n                  \u001b[36m<span>\u001b[39m\n                    \u001b[0mLock Totals\u001b[0m\n                  \u001b[36m</span>\u001b[39m\n                \u001b[36m</label>\u001b[39m\n                \u001b[36m<button\u001b[39m\n                  \u001b[33mclass\u001b[39m=\u001b[32m\"btn btn-xs btn-primary shadow-lg shadow-primary/20\"\u001b[39m\n                  \u001b[33mtitle\u001b[39m=\u001b[32m\"Confirm all completed matches in this round\"\u001b[39m\n                \u001b[36m>\u001b[39m\n                  \u001b[0mConfirm All Completed\u001b[0m\n                \u001b[36m</button>\u001b[39m\n              \u001b[36m</div>\u001b[39m\n            \u001b[36m</div>\u001b[39m\n            \u001b[36m<div\u001b[39m\n              \u001b[33mclass\u001b[39m=\u001b[32m\"mt-4 grid gap-3 grid-cols-1\"\u001b[39m\n            \u001b[36m>\u001b[39m\n              \u001b[36m<div\u001b[39m\n                \u001b[33mclass\u001b[39m=\u001b[32m\"rounded-xl border transition-all bg-surface-dark border-green-500/30 shadow-[0_0_10px_rgba(34,197,94,0.1)]\"\u001b[39m\n              \u001b[36m>\u001b[39m\n                \u001b[36m<div\u001b[39m\n                  \u001b[33mclass\u001b[39m=\u001b[32m\"p-3 border-b border-white/5 flex items-center justify-between\"\u001b[39m\n                \u001b[36m>\u001b[39m\n                  \u001b[36m<span\u001b[39m\n                    \u001b[33mclass\u001b[39m=\u001b[32m\"text-xs font-bold text-slate-500 uppercase\"\u001b[39m\n                  \u001b[36m>\u001b[39m\n                    \u001b[0mMatch \u001b[0m\n                    \u001b[0m1\u001b[0m\n                  \u001b[36m</span>\u001b[39m\n                  \u001b[36m<span\u001b[39m\n                    \u001b[33mclass\u001b[39m=\u001b[32m\"text-[10px] font-bold px-2 py-0.5 rounded-full uppercase bg-green-500/20 text-green-500\"\u001b[39m\n                  \u001b[36m>\u001b[39m\n                    \u001b[0mcompleted\u001b[0m\n                  \u001b[36m</span>\u001b[39m\n                \u001b[36m</div>\u001b[39m\n                \u001b[36m<div\u001b[39m\n                  \u001b[33mclass\u001b[39m=\u001b[32m\"p-3 text-white\"\u001b[39m\n                \u001b[36m>\u001b[39m\n                  \u001b[36m<div\u001b[39m\n                    \u001b[33mdata-testid\u001b[39m=\u001b[32m\"match-scoring\"\u001b[39m\n                  \u001b[36m>\u001b[39m\n                    \u001b[0mMock Match Scoring\u001b[0m\n                  \u001b[36m</div>\u001b[39m\n                \u001b[36m</div>\u001b[39m\n              \u001b[36m</div>\u001b[39m\n            \u001b[36m</div>\u001b[39m\n          \u001b[36m</div>\u001b[39m\n          \u001b[36m<div\u001b[39m\n            \u001b[33mclass\u001b[39m=\u001b[32m\"bg-surface-dark rounded-2xl border border-white/5 p-5 overflow-x-auto shadow-lg\"\u001b[39m\n          \u001b[36m>\u001b[39m\n            \u001b[36m<h3\u001b[39m\n              \u001b[33mclass\u001b[39m=\u001b[32m\"text-sm font-bold text-slate-400 uppercase tracking-wider mb-4\"\u001b[39m\n            \u001b[36m>\u001b[39m\n              \u001b[0mBracket View\u001b[0m\n            \u001b[36m</h3>\u001b[39m\n            \u001b[36m<div\u001b[39m\n              \u001b[33mdata-testid\u001b[39m=\u001b[32m\"bracket-view\"\u001b[39m\n            \u001b[36m>\u001b[39m\n              \u001b[0mMock Bracket View\u001b[0m\n            \u001b[36m</div>\u001b[39m\n          \u001b[36m</div>\u001b[39m\n        \u001b[36m</div>\u001b[39m\n        \u001b[36m<div\u001b[39m\n          \u001b[33mclass\u001b[39m=\u001b[32m\"space-y-6\"\u001b[39m\n        \u001b[36m>\u001b[39m\n          \u001b[36m<div\u001b[39m\n            \u001b[33mdata-testid\u001b[39m=\u001b[32m\"live-stats\"\u001b[39m\n          \u001b[36m>\u001b[39m\n            \u001b[0mMock Live Stats\u001b[0m\n          \u001b[36m</div>\u001b[39m\n          \u001b[36m<div\u001b[39m\n            \u001b[33mdata-testid\u001b[39m=\u001b[32m\"player-leaderboard\"\u001b[39m\n          \u001b[36m>\u001b[39m\n            \u001b[0mMock Leaderboard\u001b[0m\n          \u001b[36m</div>\u001b[39m\n        \u001b[36m</div>\u001b[39m\n      \u001b[36m</div>\u001b[39m\n    \u001b[36m</div>\u001b[39m\n  \u001b[36m</div>\u001b[39m\n\u001b[36m</body>\u001b[39m\n    at Proxy.waitForWrapper (C:\\Github\\BracketOfDeathSite\\src\\frontend\\node_modules\\@testing-library\\dom\\dist\\wait-for.js:163:27)\n    at C:/Github/BracketOfDeathSite/src/frontend/src/pages/__tests__/TournamentManage.test.tsx:261:11\n    at file:///C:/Github/BracketOfDeathSite/src/frontend/node_modules/@vitest/runner/dist/index.js:145:11\n    at file:///C:/Github/BracketOfDeathSite/src/frontend/node_modules/@vitest/runner/dist/index.js:915:26\n    at file:///C:/Github/BracketOfDeathSite/src/frontend/node_modules/@vitest/runner/dist/index.js:1243:20\n    at new Promise (<anonymous>)\n    at runWithTimeout (file:///C:/Github/BracketOfDeathSite/src/frontend/node_modules/@vitest/runner/dist/index.js:1209:10)\n    at file:///C:/Github/BracketOfDeathSite/src/frontend/node_modules/@vitest/runner/dist/index.js:1653:37\n    at Traces.$ (file:///C:/Github/BracketOfDeathSite/src/frontend/node_modules/vitest/dist/chunks/traces.U4xDYhzZ.js:115:27)\n    at trace (file:///C:/Github/BracketOfDeathSite/src/frontend/node_modules/vitest/dist/chunks/test.B8ej_ZHS.js:239:21)"],"meta":{}},{"ancestorTitles":["TournamentManage Page"],"fullName":"TournamentManage Page handles Advance to Next Round action","status":"passed","title":"handles Advance to Next Round action","duration":18.08219999999983,"failureMessages":[],"meta":{}},{"ancestorTitles":["TournamentManage Page"],"fullName":"TournamentManage Page handles Complete Tournament action","status":"passed","title":"handles Complete Tournament action","duration":14.470800000000054,"failureMessages":[],"meta":{}},{"ancestorTitles":["TournamentManage Page"],"fullName":"TournamentManage Page handles generate matches action","status":"passed","title":"handles generate matches action","duration":14.561599999999999,"failureMessages":[],"meta":{}}],"startTime":1766947072303,"endTime":1766947075526.5615,"status":"failed","message":"","name":"C:/Github/BracketOfDeathSite/src/frontend/src/pages/__tests__/TournamentManage.test.tsx"}]}